[02/25/23 17:58:05] [WARNING] mysql_connect: no password specified (C:\Users\Bonnie20402\Desktop\Serversamp\roleplay.pwn:50)
[02/25/23 17:58:09] [ERROR] CConnection::CConnection - establishing connection to MySQL database failed: #2003 'Can't connect to MySQL server on 'localhost' (10061)'
[02/25/23 17:58:13] [ERROR] CConnection::CConnection - establishing connection to MySQL database failed: #2003 'Can't connect to MySQL server on 'localhost' (10061)'
[02/25/23 17:58:17] [ERROR] CConnection::CConnection - establishing connection to MySQL database failed: #2003 'Can't connect to MySQL server on 'localhost' (10061)'
[02/25/23 17:58:21] [ERROR] CConnection::CConnection - establishing connection to MySQL database failed: #2003 'Can't connect to MySQL server on 'localhost' (10061)'
[02/25/23 18:05:08] [WARNING] mysql_connect: no password specified (C:\Users\Bonnie20402\Desktop\Serversamp\roleplay.pwn:50)
[02/25/23 18:05:12] [ERROR] CConnection::CConnection - establishing connection to MySQL database failed: #2003 'Can't connect to MySQL server on 'localhost' (10061)'
[02/25/23 18:05:17] [ERROR] CConnection::CConnection - establishing connection to MySQL database failed: #2003 'Can't connect to MySQL server on 'localhost' (10061)'
[02/25/23 18:05:21] [ERROR] CConnection::CConnection - establishing connection to MySQL database failed: #2003 'Can't connect to MySQL server on 'localhost' (10061)'
[02/25/23 18:05:25] [ERROR] CConnection::CConnection - establishing connection to MySQL database failed: #2003 'Can't connect to MySQL server on 'localhost' (10061)'
[02/25/23 18:22:41] [WARNING] mysql_connect: no password specified (C:\Users\Bonnie20402\Desktop\Serversamp\roleplay.pwn:50)
[02/25/23 18:22:41] [ERROR] error #1064 while executing query "CREATE TABLE IF NOT EXISTS accounts (account_id INT(11) PRIMARY KEY NOT NULL,username VARCHAR(32),password VARCHAR(256)": You have an error in your SQL syntax; check the manual that corresponds to your MariaDB server version for the right syntax to use near '' at line 1 (C:\Users\Bonnie20402\Desktop\Serversamp\roleplay.pwn:59)
[02/25/23 18:24:09] [WARNING] mysql_connect: no password specified (C:\Users\Bonnie20402\Desktop\Serversamp\roleplay.pwn:50)
[02/25/23 18:24:09] [ERROR] error #1064 while executing query "CREATE TABLE IF NOT EXISTS accounts (account_id INT(11) PRIMARY KEY NOT NULL,username VARCHAR(32),password VARCHAR(256)": You have an error in your SQL syntax; check the manual that corresponds to your MariaDB server version for the right syntax to use near '' at line 1 (C:\Users\Bonnie20402\Desktop\Serversamp\roleplay.pwn:59)
[02/25/23 18:24:41] [WARNING] mysql_connect: no password specified (C:\Users\Bonnie20402\Desktop\Serversamp\roleplay.pwn:50)
[02/25/23 18:24:41] [ERROR] error #1064 while executing query "CREATE TABLE IF NOT EXISTS accounts (account_id INT(11) PRIMARY KEY NOT NULL,username VARCHAR(32),password VARCHAR(256)": You have an error in your SQL syntax; check the manual that corresponds to your MariaDB server version for the right syntax to use near '' at line 1 (C:\Users\Bonnie20402\Desktop\Serversamp\roleplay.pwn:59)
[02/25/23 18:25:25] [WARNING] mysql_connect: no password specified (C:\Users\Bonnie20402\Desktop\Serversamp\roleplay.pwn:50)
[02/25/23 18:25:25] [ERROR] error #1064 while executing query "CREATE TABLE IF NOT EXISTS accounts (account_id INT(11) PRIMARY KEY NOT NULL,username VARCHAR(32),password VARCHAR(256)": You have an error in your SQL syntax; check the manual that corresponds to your MariaDB server version for the right syntax to use near '' at line 1 (C:\Users\Bonnie20402\Desktop\Serversamp\roleplay.pwn:59)
[02/25/23 18:25:51] [WARNING] mysql_connect: no password specified (C:\Users\Bonnie20402\Desktop\Serversamp\roleplay.pwn:50)
[02/25/23 18:25:51] [ERROR] error #1064 while executing query "CREATE TABLE IF NOT EXISTS accounts (account_id INT(11) PRIMARY KEY NOT NULL,username VARCHAR(32),password VARCHAR(256)": You have an error in your SQL syntax; check the manual that corresponds to your MariaDB server version for the right syntax to use near '' at line 1 (C:\Users\Bonnie20402\Desktop\Serversamp\roleplay.pwn:59)
[02/25/23 18:26:41] [WARNING] mysql_connect: no password specified (C:\Users\Bonnie20402\Desktop\Serversamp\roleplay.pwn:50)
[02/25/23 18:26:41] [ERROR] error #1064 while executing query "CREATE TABLE IF NOT EXISTS accounts (account_id INT(11) PRIMARY KEY NOT NULL,username VARCHAR(32),password VARCHAR(256)": You have an error in your SQL syntax; check the manual that corresponds to your MariaDB server version for the right syntax to use near '' at line 1 (C:\Users\Bonnie20402\Desktop\Serversamp\roleplay.pwn:59)
[02/25/23 18:27:17] [WARNING] mysql_connect: no password specified (C:\Users\Bonnie20402\Desktop\Serversamp\roleplay.pwn:50)
[02/25/23 18:27:17] [ERROR] error #1064 while executing query "CREATE TABLE IF NOT EXISTS accounts (account_id INT(11) PRIMARY KEY NOT NULL,username VARCHAR(32),password VARCHAR(256)": You have an error in your SQL syntax; check the manual that corresponds to your MariaDB server version for the right syntax to use near '' at line 1 (C:\Users\Bonnie20402\Desktop\Serversamp\roleplay.pwn:59)
[02/25/23 18:29:26] [WARNING] mysql_connect: no password specified (C:\Users\Bonnie20402\Desktop\Serversamp\gamemodes\roleplay.pwn:51)
[02/25/23 18:29:26] [ERROR] error #1064 while executing query "CREATE TABLE IF NOT EXISTS accounts (account_id INT(11) PRIMARY KEY NOT NULL,username VARCHAR(32),password VARCHAR(256)": You have an error in your SQL syntax; check the manual that corresponds to your MariaDB server version for the right syntax to use near '' at line 1 (C:\Users\Bonnie20402\Desktop\Serversamp\gamemodes\roleplay.pwn:61)
[02/25/23 18:31:17] [WARNING] mysql_connect: no password specified (C:\Users\Bonnie20402\Desktop\Serversamp\gamemodes\roleplay.pwn:52)
[02/25/23 18:31:17] [ERROR] error #1064 while executing query "CREATE TABLE IF NOT EXISTS accounts (account_id INT(11) PRIMARY KEY NOT NULL,username VARCHAR(32),password VARCHAR(256)": You have an error in your SQL syntax; check the manual that corresponds to your MariaDB server version for the right syntax to use near '' at line 1 (C:\Users\Bonnie20402\Desktop\Serversamp\gamemodes\roleplay.pwn:62)
[02/25/23 18:31:48] [WARNING] mysql_connect: no password specified (C:\Users\Bonnie20402\Desktop\Serversamp\gamemodes\roleplay.pwn:52)
[02/25/23 18:31:48] [ERROR] error #1064 while executing query "CREATE TABLE IF NOT EXISTS accounts (account_id INT(11) PRIMARY KEY NOT NULL,username VARCHAR(32),password VARCHAR(256)": You have an error in your SQL syntax; check the manual that corresponds to your MariaDB server version for the right syntax to use near '' at line 1 (C:\Users\Bonnie20402\Desktop\Serversamp\gamemodes\roleplay.pwn:62)
[02/25/23 18:32:07] [ERROR] error #1064 while executing query "SELECT * from ACCOUNTS WHERE username = Bonnie20402 PT": You have an error in your SQL syntax; check the manual that corresponds to your MariaDB server version for the right syntax to use near 'PT' at line 1 (modulos/login/login.pwn:35)
[02/25/23 19:00:11] [WARNING] mysql_connect: no password specified (C:\Users\Bonnie20402\Desktop\Serversamp\gamemodes\roleplay.pwn:52)
[02/25/23 19:00:11] [ERROR] error #1064 while executing query "CREATE TABLE IF NOT EXISTS accounts (account_id INT(11) PRIMARY KEY NOT NULL,username VARCHAR(32),password VARCHAR(256)": You have an error in your SQL syntax; check the manual that corresponds to your MariaDB server version for the right syntax to use near '' at line 1 (C:\Users\Bonnie20402\Desktop\Serversamp\gamemodes\roleplay.pwn:62)
[02/25/23 20:03:12] [WARNING] mysql_connect: no password specified (C:\Users\Bonnie20402\Desktop\Serversamp\gamemodes\roleplay.pwn:52)
[02/25/23 20:03:12] [ERROR] error #1064 while executing query "CREATE TABLE IF NOT EXISTS accounts (account_id INT(11) PRIMARY KEY NOT NULL,username VARCHAR(32),password VARCHAR(256)": You have an error in your SQL syntax; check the manual that corresponds to your MariaDB server version for the right syntax to use near '' at line 1 (C:\Users\Bonnie20402\Desktop\Serversamp\gamemodes\roleplay.pwn:62)
[02/25/23 20:15:53] [ERROR] error #1064 while executing query "SELECT * from ACCOUNTS WHERE username = Bonnie20402 PT": You have an error in your SQL syntax; check the manual that corresponds to your MariaDB server version for the right syntax to use near 'PT' at line 1 (modulos/login/login.pwn:53)
[02/25/23 20:20:55] [WARNING] mysql_connect: no password specified (C:\Users\Bonnie20402\Desktop\Serversamp\gamemodes\roleplay.pwn:52)
[02/25/23 20:20:55] [ERROR] error #1064 while executing query "CREATE TABLE IF NOT EXISTS accounts (account_id INT(11) PRIMARY KEY NOT NULL,username VARCHAR(32),password VARCHAR(256)": You have an error in your SQL syntax; check the manual that corresponds to your MariaDB server version for the right syntax to use near '' at line 1 (C:\Users\Bonnie20402\Desktop\Serversamp\gamemodes\roleplay.pwn:62)
[02/25/23 20:21:00] [ERROR] error #1064 while executing query "SELECT * from ACCOUNTS WHERE username = Bonnie20402 PT": You have an error in your SQL syntax; check the manual that corresponds to your MariaDB server version for the right syntax to use near 'PT' at line 1 (modulos/login/login.pwn:53)
[02/25/23 20:21:47] [WARNING] mysql_connect: no password specified (C:\Users\Bonnie20402\Desktop\Serversamp\gamemodes\roleplay.pwn:52)
[02/25/23 20:21:47] [ERROR] error #1064 while executing query "CREATE TABLE IF NOT EXISTS accounts (account_id INT(11) PRIMARY KEY NOT NULL,username VARCHAR(32),password VARCHAR(256)": You have an error in your SQL syntax; check the manual that corresponds to your MariaDB server version for the right syntax to use near '' at line 1 (C:\Users\Bonnie20402\Desktop\Serversamp\gamemodes\roleplay.pwn:62)
[02/25/23 20:21:55] [ERROR] error #1064 while executing query "SELECT * from ACCOUNTS WHERE username = Bonnie20402 PT": You have an error in your SQL syntax; check the manual that corresponds to your MariaDB server version for the right syntax to use near 'PT' at line 1 (modulos/login/login.pwn:53)
[02/25/23 20:24:48] [WARNING] mysql_connect: no password specified (C:\Users\Bonnie20402\Desktop\Serversamp\gamemodes\roleplay.pwn:52)
[02/25/23 20:24:48] [ERROR] error #1064 while executing query "CREATE TABLE IF NOT EXISTS accounts (account_id INT(11) PRIMARY KEY NOT NULL,username VARCHAR(32),password VARCHAR(256)": You have an error in your SQL syntax; check the manual that corresponds to your MariaDB server version for the right syntax to use near '' at line 1 (C:\Users\Bonnie20402\Desktop\Serversamp\gamemodes\roleplay.pwn:62)
[02/25/23 20:24:54] [ERROR] error #1064 while executing query "SELECT * from ACCOUNTS WHERE username = Bonnie20402 PT": You have an error in your SQL syntax; check the manual that corresponds to your MariaDB server version for the right syntax to use near 'PT' at line 1 (modulos/login/login.pwn:61)
[02/25/23 21:50:06] [WARNING] mysql_connect: no password specified (C:\Users\Bonnie20402\Desktop\Serversamp\gamemodes\roleplay.pwn:52)
[02/25/23 21:50:06] [ERROR] error #1064 while executing query "CREATE TABLE IF NOT EXISTS accounts (account_id INT(11) PRIMARY KEY NOT NULL,username VARCHAR(32),password VARCHAR(256)": You have an error in your SQL syntax; check the manual that corresponds to your MariaDB server version for the right syntax to use near '' at line 1 (C:\Users\Bonnie20402\Desktop\Serversamp\gamemodes\roleplay.pwn:62)
[02/25/23 21:50:08] [ERROR] error #1064 while executing query "SELECT * from ACCOUNTS WHERE username = Bonnie20402 PT": You have an error in your SQL syntax; check the manual that corresponds to your MariaDB server version for the right syntax to use near 'PT' at line 1 (modulos/login/login.pwn:59)
[02/25/23 21:51:34] [WARNING] mysql_connect: no password specified (C:\Users\Bonnie20402\Desktop\Serversamp\gamemodes\roleplay.pwn:52)
[02/25/23 21:51:34] [ERROR] error #1064 while executing query "CREATE TABLE IF NOT EXISTS accounts (account_id INT(11) PRIMARY KEY NOT NULL,username VARCHAR(32),password VARCHAR(256)": You have an error in your SQL syntax; check the manual that corresponds to your MariaDB server version for the right syntax to use near '' at line 1 (C:\Users\Bonnie20402\Desktop\Serversamp\gamemodes\roleplay.pwn:62)
[02/25/23 21:51:43] [ERROR] error #1064 while executing query "SELECT * from ACCOUNTS WHERE username = Bonnie20402 PT": You have an error in your SQL syntax; check the manual that corresponds to your MariaDB server version for the right syntax to use near 'PT' at line 1 (modulos/login/login.pwn:59)
[02/25/23 21:53:41] [WARNING] mysql_connect: no password specified (C:\Users\Bonnie20402\Desktop\Serversamp\gamemodes\roleplay.pwn:52)
[02/25/23 21:53:49] [ERROR] error #1064 while executing query "SELECT * from ACCOUNTS WHERE username = Bonnie20402 PT": You have an error in your SQL syntax; check the manual that corresponds to your MariaDB server version for the right syntax to use near 'PT' at line 1 (modulos/login/login.pwn:59)
[02/25/23 21:54:41] [WARNING] mysql_connect: no password specified (C:\Users\Bonnie20402\Desktop\Serversamp\gamemodes\roleplay.pwn:52)
[02/25/23 21:54:47] [ERROR] error #1064 while executing query "SELECT * from ACCOUNTS WHERE username = Bonnie20402 PT": You have an error in your SQL syntax; check the manual that corresponds to your MariaDB server version for the right syntax to use near 'PT' at line 1 (modulos/login/login.pwn:60)
[02/25/23 21:54:49] [ERROR] error #1064 while executing query "INSERT INTO ACCOUNTS(username,password) VALUES 'Bonnie20402 PT', 'coxinha123'": You have an error in your SQL syntax; check the manual that corresponds to your MariaDB server version for the right syntax to use near ''Bonnie20402 PT', 'coxinha123'' at line 1 (modulos/login/login.pwn:53)
[02/25/23 22:07:27] [WARNING] mysql_connect: no password specified (C:\Users\Bonnie20402\Desktop\Serversamp\gamemodes\roleplay.pwn:55)
[02/25/23 22:07:27] [WARNING] mysql_connect: no password specified (C:\Users\Bonnie20402\Desktop\Serversamp\gamemodes\roleplay.pwn:55)
[02/25/23 22:07:27] [WARNING] duplicate connection detected: handle id 1 already exists with host = 'localhost', username = 'root' and database = 'openrp'
[02/25/23 22:07:47] [ERROR] error #1064 while executing query "SELECT * from ACCOUNTS WHERE username = Bonnie20402 PT": You have an error in your SQL syntax; check the manual that corresponds to your MariaDB server version for the right syntax to use near 'PT' at line 1 (modulos/login/login.pwn:61)
[02/25/23 22:07:52] [ERROR] error #1064 while executing query "INSERT INTO ACCOUNTS(username,password) VALUES 'Bonnie20402 PT', 'coxinha123'": You have an error in your SQL syntax; check the manual that corresponds to your MariaDB server version for the right syntax to use near ''Bonnie20402 PT', 'coxinha123'' at line 1 (modulos/login/login.pwn:51)
[02/25/23 22:08:51] [WARNING] mysql_connect: no password specified (C:\Users\Bonnie20402\Desktop\Serversamp\gamemodes\roleplay.pwn:55)
[02/25/23 22:08:51] [WARNING] mysql_connect: no password specified (C:\Users\Bonnie20402\Desktop\Serversamp\gamemodes\roleplay.pwn:55)
[02/25/23 22:08:51] [WARNING] duplicate connection detected: handle id 1 already exists with host = 'localhost', username = 'root' and database = 'openrp'
[02/25/23 22:13:17] [WARNING] mysql_connect: no password specified (C:\Users\Bonnie20402\Desktop\Serversamp\gamemodes\roleplay.pwn:55)
[02/25/23 22:13:17] [WARNING] mysql_connect: no password specified (C:\Users\Bonnie20402\Desktop\Serversamp\gamemodes\roleplay.pwn:55)
[02/25/23 22:13:17] [WARNING] duplicate connection detected: handle id 1 already exists with host = 'localhost', username = 'root' and database = 'openrp'
[02/25/23 22:13:26] [ERROR] error #1064 while executing query "SELECT * from ACCOUNTS WHERE username = Bonnie20402 PT": You have an error in your SQL syntax; check the manual that corresponds to your MariaDB server version for the right syntax to use near 'PT' at line 1 (modulos/login/login.pwn:63)
[02/25/23 22:16:20] [WARNING] mysql_connect: no password specified (C:\Users\Bonnie20402\Desktop\Serversamp\gamemodes\roleplay.pwn:55)
[02/25/23 22:16:20] [WARNING] mysql_connect: no password specified (C:\Users\Bonnie20402\Desktop\Serversamp\gamemodes\roleplay.pwn:55)
[02/25/23 22:16:20] [WARNING] duplicate connection detected: handle id 1 already exists with host = 'localhost', username = 'root' and database = 'openrp'
[02/25/23 22:16:22] [ERROR] error #1064 while executing query "SELECT * from ACCOUNTS WHERE username = Bonnie20402 PT": You have an error in your SQL syntax; check the manual that corresponds to your MariaDB server version for the right syntax to use near 'PT' at line 1 (modulos/login/login.pwn:65)
[02/25/23 22:16:31] [ERROR] mysql_format: destination size '128' is too small (modulos/login/login.pwn:53)
[02/25/23 22:16:31] [ERROR] error #1065 while executing query "": Query was empty (modulos/login/login.pwn:54)
[02/25/23 22:18:12] [WARNING] mysql_connect: no password specified (C:\Users\Bonnie20402\Desktop\Serversamp\gamemodes\roleplay.pwn:55)
[02/25/23 22:18:12] [WARNING] mysql_connect: no password specified (C:\Users\Bonnie20402\Desktop\Serversamp\gamemodes\roleplay.pwn:55)
[02/25/23 22:18:12] [WARNING] duplicate connection detected: handle id 1 already exists with host = 'localhost', username = 'root' and database = 'openrp'
[02/25/23 22:18:20] [ERROR] error #1064 while executing query "SELECT * from ACCOUNTS WHERE username = Bonnie20402 PT": You have an error in your SQL syntax; check the manual that corresponds to your MariaDB server version for the right syntax to use near 'PT' at line 1 (modulos/login/login.pwn:65)
[02/25/23 22:18:23] [ERROR] mysql_format: destination size '128' is too small (modulos/login/login.pwn:53)
[02/25/23 22:18:23] [ERROR] error #1065 while executing query "": Query was empty (modulos/login/login.pwn:54)
[02/25/23 22:21:48] [WARNING] mysql_connect: no password specified (C:\Users\Bonnie20402\Desktop\Serversamp\gamemodes\roleplay.pwn:55)
[02/25/23 22:21:48] [WARNING] mysql_connect: no password specified (C:\Users\Bonnie20402\Desktop\Serversamp\gamemodes\roleplay.pwn:55)
[02/25/23 22:21:48] [WARNING] duplicate connection detected: handle id 1 already exists with host = 'localhost', username = 'root' and database = 'openrp'
[02/25/23 22:21:54] [ERROR] error #1064 while executing query "SELECT * from ACCOUNTS WHERE username = Bonnie20402 PT": You have an error in your SQL syntax; check the manual that corresponds to your MariaDB server version for the right syntax to use near 'PT' at line 1 (modulos/login/login.pwn:69)
[02/25/23 22:21:56] [ERROR] mysql_format: destination size '128' is too small (modulos/login/login.pwn:53)
[02/25/23 22:21:56] [ERROR] error #1065 while executing query "": Query was empty (modulos/login/login.pwn:54)
[02/25/23 22:23:41] [WARNING] mysql_connect: no password specified (C:\Users\Bonnie20402\Desktop\Serversamp\gamemodes\roleplay.pwn:55)
[02/25/23 22:23:41] [WARNING] mysql_connect: no password specified (C:\Users\Bonnie20402\Desktop\Serversamp\gamemodes\roleplay.pwn:55)
[02/25/23 22:23:41] [WARNING] duplicate connection detected: handle id 1 already exists with host = 'localhost', username = 'root' and database = 'openrp'
[02/25/23 22:23:57] [ERROR] error #1064 while executing query "SELECT * from ACCOUNTS WHERE username = Bonnie20402 PT": You have an error in your SQL syntax; check the manual that corresponds to your MariaDB server version for the right syntax to use near 'PT' at line 1 (modulos/login/login.pwn:66)
[02/25/23 22:24:00] [ERROR] mysql_format: destination size '128' is too small (modulos/login/login.pwn:54)
[02/25/23 22:24:00] [ERROR] error #1065 while executing query "": Query was empty (modulos/login/login.pwn:55)
[02/25/23 22:24:53] [WARNING] mysql_connect: no password specified (C:\Users\Bonnie20402\Desktop\Serversamp\gamemodes\roleplay.pwn:55)
[02/25/23 22:24:53] [WARNING] mysql_connect: no password specified (C:\Users\Bonnie20402\Desktop\Serversamp\gamemodes\roleplay.pwn:55)
[02/25/23 22:24:53] [WARNING] duplicate connection detected: handle id 1 already exists with host = 'localhost', username = 'root' and database = 'openrp'
[02/25/23 22:25:01] [ERROR] error #1064 while executing query "SELECT * from ACCOUNTS WHERE username = Bonnie20402 PT": You have an error in your SQL syntax; check the manual that corresponds to your MariaDB server version for the right syntax to use near 'PT' at line 1 (modulos/login/login.pwn:66)
[02/25/23 22:25:35] [WARNING] mysql_connect: no password specified (C:\Users\Bonnie20402\Desktop\Serversamp\gamemodes\roleplay.pwn:55)
[02/25/23 22:25:35] [WARNING] mysql_connect: no password specified (C:\Users\Bonnie20402\Desktop\Serversamp\gamemodes\roleplay.pwn:55)
[02/25/23 22:25:35] [WARNING] duplicate connection detected: handle id 1 already exists with host = 'localhost', username = 'root' and database = 'openrp'
[02/25/23 22:25:36] [ERROR] error #1064 while executing query "SELECT * from ACCOUNTS WHERE username = Bonnie20402 PT": You have an error in your SQL syntax; check the manual that corresponds to your MariaDB server version for the right syntax to use near 'PT' at line 1 (modulos/login/login.pwn:66)
[02/25/23 22:25:39] [ERROR] mysql_format: destination size '128' is too small (modulos/login/login.pwn:54)
[02/25/23 22:25:39] [ERROR] error #1065 while executing query "": Query was empty (modulos/login/login.pwn:55)
[02/25/23 22:27:04] [WARNING] mysql_connect: no password specified (C:\Users\Bonnie20402\Desktop\Serversamp\gamemodes\roleplay.pwn:55)
[02/25/23 22:27:04] [WARNING] mysql_connect: no password specified (C:\Users\Bonnie20402\Desktop\Serversamp\gamemodes\roleplay.pwn:55)
[02/25/23 22:27:04] [WARNING] duplicate connection detected: handle id 1 already exists with host = 'localhost', username = 'root' and database = 'openrp'
[02/25/23 22:27:10] [ERROR] error #1064 while executing query "SELECT * from ACCOUNTS WHERE username = Bonnie20402 PT": You have an error in your SQL syntax; check the manual that corresponds to your MariaDB server version for the right syntax to use near 'PT' at line 1 (modulos/login/login.pwn:66)
[02/25/23 22:27:12] [ERROR] mysql_pquery: invalid connection handle '89' (modulos/login/login.pwn:55)
[02/25/23 22:28:11] [WARNING] mysql_connect: no password specified (C:\Users\Bonnie20402\Desktop\Serversamp\gamemodes\roleplay.pwn:55)
[02/25/23 22:28:11] [WARNING] mysql_connect: no password specified (C:\Users\Bonnie20402\Desktop\Serversamp\gamemodes\roleplay.pwn:55)
[02/25/23 22:28:11] [WARNING] duplicate connection detected: handle id 1 already exists with host = 'localhost', username = 'root' and database = 'openrp'
[02/25/23 22:28:13] [ERROR] error #1064 while executing query "SELECT * from ACCOUNTS WHERE username = Bonnie20402 PT": You have an error in your SQL syntax; check the manual that corresponds to your MariaDB server version for the right syntax to use near 'PT' at line 1 (modulos/login/login.pwn:67)
[02/25/23 22:28:16] [ERROR] mysql_pquery: invalid connection handle '112' (modulos/login/login.pwn:56)
[02/25/23 22:30:13] [WARNING] mysql_connect: no password specified (C:\Users\Bonnie20402\Desktop\Serversamp\gamemodes\roleplay.pwn:55)
[02/25/23 22:30:13] [WARNING] mysql_connect: no password specified (C:\Users\Bonnie20402\Desktop\Serversamp\gamemodes\roleplay.pwn:55)
[02/25/23 22:30:13] [WARNING] duplicate connection detected: handle id 1 already exists with host = 'localhost', username = 'root' and database = 'openrp'
[02/25/23 22:30:26] [ERROR] error #1064 while executing query "SELECT * from ACCOUNTS WHERE username = Bonnie20402 PT": You have an error in your SQL syntax; check the manual that corresponds to your MariaDB server version for the right syntax to use near 'PT' at line 1 (modulos/login/login.pwn:67)
[02/25/23 22:30:29] [ERROR] mysql_pquery: invalid connection handle '106' (modulos/login/login.pwn:56)
[02/25/23 22:32:59] [WARNING] mysql_connect: no password specified (C:\Users\Bonnie20402\Desktop\Serversamp\gamemodes\roleplay.pwn:55)
[02/25/23 22:32:59] [WARNING] mysql_connect: no password specified (C:\Users\Bonnie20402\Desktop\Serversamp\gamemodes\roleplay.pwn:55)
[02/25/23 22:32:59] [WARNING] duplicate connection detected: handle id 1 already exists with host = 'localhost', username = 'root' and database = 'openrp'
[02/25/23 22:34:13] [ERROR] error #1054 while executing query "SELECT * from ACCOUNTS WHERE username = Bonnie20402W": Unknown column 'Bonnie20402W' in 'where clause' (modulos/login/login.pwn:67)
[02/25/23 22:34:17] [ERROR] mysql_pquery: invalid connection handle '46' (modulos/login/login.pwn:56)
[02/26/23 10:26:17] [WARNING] mysql_connect: no password specified (C:\Users\Bonnie20402\Desktop\Serversamp\gamemodes\roleplay.pwn:55)
[02/26/23 10:26:17] [WARNING] mysql_connect: no password specified (C:\Users\Bonnie20402\Desktop\Serversamp\gamemodes\roleplay.pwn:55)
[02/26/23 10:26:17] [WARNING] duplicate connection detected: handle id 1 already exists with host = 'localhost', username = 'root' and database = 'openrp'
[02/26/23 10:26:38] [ERROR] error #1054 while executing query "SELECT * from ACCOUNTS WHERE username = Bonnie20402W": Unknown column 'Bonnie20402W' in 'where clause' (modulos/login/login.pwn:63)
[02/26/23 10:29:55] [WARNING] mysql_connect: no password specified (C:\Users\Bonnie20402\Desktop\Serversamp\gamemodes\roleplay.pwn:55)
[02/26/23 10:29:55] [WARNING] mysql_connect: no password specified (C:\Users\Bonnie20402\Desktop\Serversamp\gamemodes\roleplay.pwn:55)
[02/26/23 10:29:55] [WARNING] duplicate connection detected: handle id 1 already exists with host = 'localhost', username = 'root' and database = 'openrp'
[02/26/23 10:29:58] [ERROR] error #1054 while executing query "SELECT * from ACCOUNTS WHERE username = Bonnie20402W": Unknown column 'Bonnie20402W' in 'where clause' (modulos/login/login.pwn:59)
[02/26/23 10:30:25] [WARNING] mysql_connect: no password specified (C:\Users\Bonnie20402\Desktop\Serversamp\gamemodes\roleplay.pwn:55)
[02/26/23 10:30:25] [WARNING] mysql_connect: no password specified (C:\Users\Bonnie20402\Desktop\Serversamp\gamemodes\roleplay.pwn:55)
[02/26/23 10:30:25] [WARNING] duplicate connection detected: handle id 1 already exists with host = 'localhost', username = 'root' and database = 'openrp'
[02/26/23 10:30:32] [ERROR] error #1054 while executing query "SELECT * from ACCOUNTS WHERE username = Bonnie20402W": Unknown column 'Bonnie20402W' in 'where clause' (modulos/login/login.pwn:59)
[02/26/23 10:42:40] [WARNING] mysql_connect: no password specified (C:\Users\Bonnie20402\Desktop\Serversamp\gamemodes\roleplay.pwn:55)
[02/26/23 10:42:40] [WARNING] mysql_connect: no password specified (C:\Users\Bonnie20402\Desktop\Serversamp\gamemodes\roleplay.pwn:55)
[02/26/23 10:42:40] [WARNING] duplicate connection detected: handle id 1 already exists with host = 'localhost', username = 'root' and database = 'openrp'
[02/26/23 10:42:58] [ERROR] error #1054 while executing query "SELECT * from ACCOUNTS WHERE username = Bonnie20402W": Unknown column 'Bonnie20402W' in 'where clause' (modulos/login/login.pwn:63)
[02/26/23 10:44:02] [WARNING] mysql_connect: no password specified (C:\Users\Bonnie20402\Desktop\Serversamp\gamemodes\roleplay.pwn:55)
[02/26/23 10:44:03] [WARNING] mysql_connect: no password specified (C:\Users\Bonnie20402\Desktop\Serversamp\gamemodes\roleplay.pwn:55)
[02/26/23 10:44:03] [WARNING] duplicate connection detected: handle id 1 already exists with host = 'localhost', username = 'root' and database = 'openrp'
[02/26/23 10:44:04] [ERROR] error #1054 while executing query "SELECT * from ACCOUNTS WHERE username = Bonnie20402W": Unknown column 'Bonnie20402W' in 'where clause' (modulos/login/login.pwn:60)
[02/26/23 10:47:09] [WARNING] mysql_connect: no password specified (C:\Users\Bonnie20402\Desktop\Serversamp\gamemodes\roleplay.pwn:55)
[02/26/23 10:47:09] [WARNING] mysql_connect: no password specified (C:\Users\Bonnie20402\Desktop\Serversamp\gamemodes\roleplay.pwn:55)
[02/26/23 10:47:09] [WARNING] duplicate connection detected: handle id 1 already exists with host = 'localhost', username = 'root' and database = 'openrp'
[02/26/23 10:47:21] [ERROR] error #1054 while executing query "SELECT COUNT(*) FROM ACCOUNTS WHERE username = Bonnie20402W": Unknown column 'Bonnie20402W' in 'where clause' (modulos/login/login.pwn:60)
[02/26/23 10:47:56] [WARNING] mysql_connect: no password specified (C:\Users\Bonnie20402\Desktop\Serversamp\gamemodes\roleplay.pwn:55)
[02/26/23 10:47:57] [WARNING] mysql_connect: no password specified (C:\Users\Bonnie20402\Desktop\Serversamp\gamemodes\roleplay.pwn:55)
[02/26/23 10:47:57] [WARNING] duplicate connection detected: handle id 1 already exists with host = 'localhost', username = 'root' and database = 'openrp'
[02/26/23 10:48:08] [ERROR] error #1054 while executing query "SELECT COUNT(*) FROM ACCOUNTS WHERE username = Bonnie20402W": Unknown column 'Bonnie20402W' in 'where clause' (modulos/login/login.pwn:60)
[02/26/23 10:54:37] [WARNING] mysql_connect: no password specified (C:\Users\Bonnie20402\Desktop\Serversamp\gamemodes\roleplay.pwn:55)
[02/26/23 10:54:37] [WARNING] mysql_connect: no password specified (C:\Users\Bonnie20402\Desktop\Serversamp\gamemodes\roleplay.pwn:55)
[02/26/23 10:54:37] [WARNING] duplicate connection detected: handle id 1 already exists with host = 'localhost', username = 'root' and database = 'openrp'
[02/26/23 10:56:06] [WARNING] mysql_connect: no password specified (C:\Users\Bonnie20402\Desktop\Serversamp\gamemodes\roleplay.pwn:55)
[02/26/23 10:56:06] [WARNING] mysql_connect: no password specified (C:\Users\Bonnie20402\Desktop\Serversamp\gamemodes\roleplay.pwn:55)
[02/26/23 10:56:06] [WARNING] duplicate connection detected: handle id 1 already exists with host = 'localhost', username = 'root' and database = 'openrp'
[02/26/23 10:59:26] [WARNING] mysql_connect: no password specified (C:\Users\Bonnie20402\Desktop\Serversamp\gamemodes\roleplay.pwn:55)
[02/26/23 10:59:26] [WARNING] mysql_connect: no password specified (C:\Users\Bonnie20402\Desktop\Serversamp\gamemodes\roleplay.pwn:55)
[02/26/23 10:59:26] [WARNING] duplicate connection detected: handle id 1 already exists with host = 'localhost', username = 'root' and database = 'openrp'
[02/26/23 11:11:23] [WARNING] mysql_connect: no password specified (C:\Users\Bonnie20402\Desktop\Serversamp\gamemodes\roleplay.pwn:55)
[02/26/23 11:11:23] [WARNING] mysql_connect: no password specified (C:\Users\Bonnie20402\Desktop\Serversamp\gamemodes\roleplay.pwn:55)
[02/26/23 11:11:23] [WARNING] duplicate connection detected: handle id 1 already exists with host = 'localhost', username = 'root' and database = 'openrp'
[02/26/23 11:12:06] [WARNING] mysql_connect: no password specified (C:\Users\Bonnie20402\Desktop\Serversamp\gamemodes\roleplay.pwn:55)
[02/26/23 11:12:06] [WARNING] mysql_connect: no password specified (C:\Users\Bonnie20402\Desktop\Serversamp\gamemodes\roleplay.pwn:55)
[02/26/23 11:12:06] [WARNING] duplicate connection detected: handle id 1 already exists with host = 'localhost', username = 'root' and database = 'openrp'
[02/26/23 11:34:04] [WARNING] mysql_connect: no password specified (C:\Users\Bonnie20402\Desktop\Serversamp\gamemodes\roleplay.pwn:55)
[02/26/23 11:34:04] [WARNING] mysql_connect: no password specified (C:\Users\Bonnie20402\Desktop\Serversamp\gamemodes\roleplay.pwn:55)
[02/26/23 11:34:04] [WARNING] duplicate connection detected: handle id 1 already exists with host = 'localhost', username = 'root' and database = 'openrp'
[02/26/23 11:34:53] [WARNING] mysql_connect: no password specified (C:\Users\Bonnie20402\Desktop\Serversamp\gamemodes\roleplay.pwn:55)
[02/26/23 11:34:53] [WARNING] mysql_connect: no password specified (C:\Users\Bonnie20402\Desktop\Serversamp\gamemodes\roleplay.pwn:55)
[02/26/23 11:34:53] [WARNING] duplicate connection detected: handle id 1 already exists with host = 'localhost', username = 'root' and database = 'openrp'
[02/26/23 11:34:59] [ERROR] error #1054 while executing query "SELECT password FROM accounts WHERE username = Bonnie20402W": Unknown column 'Bonnie20402W' in 'where clause' (modulos/login/login.pwn:80)
[02/26/23 11:36:07] [WARNING] mysql_connect: no password specified (C:\Users\Bonnie20402\Desktop\Serversamp\gamemodes\roleplay.pwn:55)
[02/26/23 11:36:07] [WARNING] mysql_connect: no password specified (C:\Users\Bonnie20402\Desktop\Serversamp\gamemodes\roleplay.pwn:55)
[02/26/23 11:36:07] [WARNING] duplicate connection detected: handle id 1 already exists with host = 'localhost', username = 'root' and database = 'openrp'
[02/26/23 11:36:20] [ERROR] error #1054 while executing query "SELECT password FROM accounts WHERE username = Bonnie20402W": Unknown column 'Bonnie20402W' in 'where clause' (modulos/login/login.pwn:80)
[02/26/23 11:38:06] [WARNING] mysql_connect: no password specified (C:\Users\Bonnie20402\Desktop\Serversamp\gamemodes\roleplay.pwn:55)
[02/26/23 11:38:06] [WARNING] mysql_connect: no password specified (C:\Users\Bonnie20402\Desktop\Serversamp\gamemodes\roleplay.pwn:55)
[02/26/23 11:38:06] [WARNING] duplicate connection detected: handle id 1 already exists with host = 'localhost', username = 'root' and database = 'openrp'
[02/26/23 13:35:01] [WARNING] mysql_connect: no password specified (C:\Users\Bonnie20402\Desktop\Serversamp\gamemodes\roleplay.pwn:55)
[02/26/23 13:35:01] [WARNING] mysql_connect: no password specified (C:\Users\Bonnie20402\Desktop\Serversamp\gamemodes\roleplay.pwn:55)
[02/26/23 13:35:01] [WARNING] duplicate connection detected: handle id 1 already exists with host = 'localhost', username = 'root' and database = 'openrp'
[02/26/23 13:36:48] [WARNING] mysql_connect: no password specified (C:\Users\Bonnie20402\Desktop\Serversamp\gamemodes\roleplay.pwn:55)
[02/26/23 13:36:48] [WARNING] mysql_connect: no password specified (C:\Users\Bonnie20402\Desktop\Serversamp\gamemodes\roleplay.pwn:55)
[02/26/23 13:36:48] [WARNING] duplicate connection detected: handle id 1 already exists with host = 'localhost', username = 'root' and database = 'openrp'
[02/26/23 13:37:10] [WARNING] mysql_connect: no password specified (C:\Users\Bonnie20402\Desktop\Serversamp\gamemodes\roleplay.pwn:55)
[02/26/23 13:37:10] [WARNING] mysql_connect: no password specified (C:\Users\Bonnie20402\Desktop\Serversamp\gamemodes\roleplay.pwn:55)
[02/26/23 13:37:10] [WARNING] duplicate connection detected: handle id 1 already exists with host = 'localhost', username = 'root' and database = 'openrp'
[02/26/23 13:37:50] [WARNING] mysql_connect: no password specified (C:\Users\Bonnie20402\Desktop\Serversamp\gamemodes\roleplay.pwn:55)
[02/26/23 13:37:50] [WARNING] mysql_connect: no password specified (C:\Users\Bonnie20402\Desktop\Serversamp\gamemodes\roleplay.pwn:55)
[02/26/23 13:37:50] [WARNING] duplicate connection detected: handle id 1 already exists with host = 'localhost', username = 'root' and database = 'openrp'
[02/26/23 13:38:46] [WARNING] mysql_connect: no password specified (C:\Users\Bonnie20402\Desktop\Serversamp\gamemodes\roleplay.pwn:55)
[02/26/23 13:38:46] [WARNING] mysql_connect: no password specified (C:\Users\Bonnie20402\Desktop\Serversamp\gamemodes\roleplay.pwn:55)
[02/26/23 13:38:46] [WARNING] duplicate connection detected: handle id 1 already exists with host = 'localhost', username = 'root' and database = 'openrp'
[02/26/23 13:43:17] [WARNING] mysql_connect: no password specified (C:\Users\Bonnie20402\Desktop\Serversamp\gamemodes\roleplay.pwn:55)
[02/26/23 13:43:17] [WARNING] mysql_connect: no password specified (C:\Users\Bonnie20402\Desktop\Serversamp\gamemodes\roleplay.pwn:55)
[02/26/23 13:43:17] [WARNING] duplicate connection detected: handle id 1 already exists with host = 'localhost', username = 'root' and database = 'openrp'
[02/26/23 13:46:31] [WARNING] mysql_connect: no password specified (C:\Users\Bonnie20402\Desktop\Serversamp\gamemodes\roleplay.pwn:55)
[02/26/23 13:46:31] [WARNING] mysql_connect: no password specified (C:\Users\Bonnie20402\Desktop\Serversamp\gamemodes\roleplay.pwn:55)
[02/26/23 13:46:31] [WARNING] duplicate connection detected: handle id 1 already exists with host = 'localhost', username = 'root' and database = 'openrp'
[02/26/23 13:47:32] [WARNING] mysql_connect: no password specified (C:\Users\Bonnie20402\Desktop\Serversamp\gamemodes\roleplay.pwn:55)
[02/26/23 13:47:32] [WARNING] mysql_connect: no password specified (C:\Users\Bonnie20402\Desktop\Serversamp\gamemodes\roleplay.pwn:55)
[02/26/23 13:47:32] [WARNING] duplicate connection detected: handle id 1 already exists with host = 'localhost', username = 'root' and database = 'openrp'
[02/26/23 13:47:42] [WARNING] mysql_connect: no password specified (C:\Users\Bonnie20402\Desktop\Serversamp\gamemodes\roleplay.pwn:55)
[02/26/23 13:47:42] [WARNING] mysql_connect: no password specified (C:\Users\Bonnie20402\Desktop\Serversamp\gamemodes\roleplay.pwn:55)
[02/26/23 13:47:42] [WARNING] duplicate connection detected: handle id 1 already exists with host = 'localhost', username = 'root' and database = 'openrp'
[02/26/23 14:42:29] [WARNING] mysql_connect: no password specified (C:\Users\Bonnie20402\Desktop\Serversamp\gamemodes\roleplay.pwn:55)
[02/26/23 14:42:29] [WARNING] mysql_connect: no password specified (C:\Users\Bonnie20402\Desktop\Serversamp\gamemodes\roleplay.pwn:55)
[02/26/23 14:42:29] [WARNING] duplicate connection detected: handle id 1 already exists with host = 'localhost', username = 'root' and database = 'openrp'
[02/26/23 16:55:31] [WARNING] mysql_connect: no password specified (C:\Users\Bonnie20402\Desktop\Serversamp\gamemodes\roleplay.pwn:55)
[02/26/23 16:55:31] [WARNING] mysql_connect: no password specified (C:\Users\Bonnie20402\Desktop\Serversamp\gamemodes\roleplay.pwn:55)
[02/26/23 16:55:31] [WARNING] duplicate connection detected: handle id 1 already exists with host = 'localhost', username = 'root' and database = 'openrp'
[02/26/23 16:56:54] [WARNING] mysql_connect: no password specified (C:\Users\Bonnie20402\Desktop\Serversamp\gamemodes\roleplay.pwn:55)
[02/26/23 16:56:54] [WARNING] mysql_connect: no password specified (C:\Users\Bonnie20402\Desktop\Serversamp\gamemodes\roleplay.pwn:55)
[02/26/23 16:56:54] [WARNING] duplicate connection detected: handle id 1 already exists with host = 'localhost', username = 'root' and database = 'openrp'
[02/26/23 16:57:07] [ERROR] error #1062 while executing query "INSERT INTO `accounts` (username, password) VALUES ('Bonnie20402 PT', '$2y$12$Qhiua03AbiT4aFjfbEHxQOEUK.WnSPy9jO4HkF/KZ/meHCoRMrccO')": Duplicate entry '0' for key 'PRIMARY' (modulos/login/login.pwn:79)
[02/26/23 16:58:29] [WARNING] mysql_connect: no password specified (C:\Users\Bonnie20402\Desktop\Serversamp\gamemodes\roleplay.pwn:55)
[02/26/23 16:58:29] [WARNING] mysql_connect: no password specified (C:\Users\Bonnie20402\Desktop\Serversamp\gamemodes\roleplay.pwn:55)
[02/26/23 16:58:29] [WARNING] duplicate connection detected: handle id 1 already exists with host = 'localhost', username = 'root' and database = 'openrp'
[02/26/23 16:59:28] [WARNING] mysql_connect: no password specified (C:\Users\Bonnie20402\Desktop\Serversamp\gamemodes\roleplay.pwn:55)
[02/26/23 16:59:28] [WARNING] mysql_connect: no password specified (C:\Users\Bonnie20402\Desktop\Serversamp\gamemodes\roleplay.pwn:55)
[02/26/23 16:59:28] [WARNING] duplicate connection detected: handle id 1 already exists with host = 'localhost', username = 'root' and database = 'openrp'
[02/26/23 16:59:39] [ERROR] error #1062 while executing query "INSERT INTO `accounts` (username, password) VALUES ('Bonnie20402 PT', '$2y$12$b0rDWyexUjHBWzfuOVWyLubMKxeEA5i1fPkfr56Fdyb8P/5aaqVS6')": Duplicate entry '0' for key 'PRIMARY' (modulos/login/login.pwn:79)
[02/26/23 17:00:17] [WARNING] mysql_connect: no password specified (C:\Users\Bonnie20402\Desktop\Serversamp\gamemodes\roleplay.pwn:55)
[02/26/23 17:00:17] [WARNING] mysql_connect: no password specified (C:\Users\Bonnie20402\Desktop\Serversamp\gamemodes\roleplay.pwn:55)
[02/26/23 17:00:17] [WARNING] duplicate connection detected: handle id 1 already exists with host = 'localhost', username = 'root' and database = 'openrp'
[02/26/23 17:00:40] [ERROR] error #1062 while executing query "INSERT INTO `accounts` (username, password) VALUES ('Bonnie20402 PT', '$2y$12$PUzlT1bfaD.1Py61QkbWKOxp.lKuQpHrBH90pSVOO4rP4cEyCAAze')": Duplicate entry '0' for key 'PRIMARY' (modulos/login/login.pwn:79)
[02/26/23 17:16:49] [WARNING] mysql_connect: no password specified (C:\Users\Bonnie20402\Desktop\Serversamp\gamemodes\roleplay.pwn:55)
[02/26/23 17:16:49] [WARNING] mysql_connect: no password specified (C:\Users\Bonnie20402\Desktop\Serversamp\gamemodes\roleplay.pwn:55)
[02/26/23 17:16:49] [WARNING] duplicate connection detected: handle id 1 already exists with host = 'localhost', username = 'root' and database = 'openrp'
[02/26/23 17:16:53] [ERROR] error #1062 while executing query "INSERT INTO `accounts` (username, password) VALUES ('Bonnie20402 PT', '$2y$12$K0rJSSLATlHvOxTIby34OOwU6FqA5jhqy4WD4oTggFVFbJq4JRA4G')": Duplicate entry '0' for key 'PRIMARY' (modulos/login/login.pwn:62)
[02/26/23 17:17:49] [WARNING] mysql_connect: no password specified (C:\Users\Bonnie20402\Desktop\Serversamp\gamemodes\roleplay.pwn:55)
[02/26/23 17:17:49] [WARNING] mysql_connect: no password specified (C:\Users\Bonnie20402\Desktop\Serversamp\gamemodes\roleplay.pwn:55)
[02/26/23 17:17:49] [WARNING] duplicate connection detected: handle id 1 already exists with host = 'localhost', username = 'root' and database = 'openrp'
[02/26/23 17:17:59] [ERROR] error #1062 while executing query "INSERT INTO `accounts` (username, password) VALUES ('Bonnie20402 PT', '$2y$12$TynCO0bmPU7YTRPiY1T4UeTNW6KfUFXtn0pDBDu6RZ00Za/45Qhnm')": Duplicate entry '0' for key 'PRIMARY' (modulos/login/login.pwn:62)
[02/26/23 17:18:58] [WARNING] mysql_connect: no password specified (C:\Users\Bonnie20402\Desktop\Serversamp\gamemodes\roleplay.pwn:55)
[02/26/23 17:18:58] [WARNING] mysql_connect: no password specified (C:\Users\Bonnie20402\Desktop\Serversamp\gamemodes\roleplay.pwn:55)
[02/26/23 17:18:58] [WARNING] duplicate connection detected: handle id 1 already exists with host = 'localhost', username = 'root' and database = 'openrp'
[02/26/23 17:19:06] [ERROR] error #1062 while executing query "INSERT INTO `accounts` (username, password) VALUES ('Bonnie20402 PT', '$2y$12$PybBYVX2LTXfUjPxYUXlcelw4oYvnPqLOYVSzcx0Tm/n6PKw3KREW')": Duplicate entry '0' for key 'PRIMARY' (modulos/login/login.pwn:62)
[02/26/23 17:19:54] [WARNING] mysql_connect: no password specified (C:\Users\Bonnie20402\Desktop\Serversamp\gamemodes\roleplay.pwn:55)
[02/26/23 17:19:54] [WARNING] mysql_connect: no password specified (C:\Users\Bonnie20402\Desktop\Serversamp\gamemodes\roleplay.pwn:55)
[02/26/23 17:19:54] [WARNING] duplicate connection detected: handle id 1 already exists with host = 'localhost', username = 'root' and database = 'openrp'
[02/26/23 17:20:17] [ERROR] error #1062 while executing query "INSERT INTO `accounts` (username, password) VALUES ('Bonnie20402PT', '$2y$12$aBfnZjTFZD/ETTL2aSLhPOjnHSZ6OF8AJm7PNm1Ses40LhrvKtiI.')": Duplicate entry '0' for key 'PRIMARY' (modulos/login/login.pwn:62)
[02/26/23 17:22:22] [ERROR] error #1062 while executing query "INSERT INTO `accounts` (username, password) VALUES ('Bonnie', '$2y$12$Kk7qZkrCb0bHLhCxaxLvKuaYbE9hEwB0IxMFxfAmh/dvch7vS5BIC')": Duplicate entry '0' for key 'PRIMARY' (modulos/login/login.pwn:62)
[02/26/23 17:24:00] [WARNING] mysql_connect: no password specified (C:\Users\Bonnie20402\Desktop\Serversamp\gamemodes\roleplay.pwn:55)
[02/26/23 17:24:00] [WARNING] mysql_connect: no password specified (C:\Users\Bonnie20402\Desktop\Serversamp\gamemodes\roleplay.pwn:55)
[02/26/23 17:24:00] [WARNING] duplicate connection detected: handle id 1 already exists with host = 'localhost', username = 'root' and database = 'openrp'
[02/26/23 17:24:29] [WARNING] mysql_connect: no password specified (C:\Users\Bonnie20402\Desktop\Serversamp\gamemodes\roleplay.pwn:54)
[02/26/23 17:24:34] [ERROR] error #1062 while executing query "INSERT INTO `accounts` (username, password) VALUES ('Bonnie', '$2y$12$XjT4bTbjQyivZiDCSDb0ZuTUF1L0zulNa7QGAsJnEO.rmlXVN27rS')": Duplicate entry '0' for key 'PRIMARY' (modulos/login/login.pwn:62)
[02/26/23 20:18:06] [WARNING] mysql_connect: no password specified (C:\Users\Bonnie20402\Desktop\Serversamp\gamemodes\roleplay.pwn:53)
[02/26/23 20:18:34] [ERROR] error #1062 while executing query "INSERT INTO `accounts` (username, password) VALUES ('Bonnie', '$2y$12$O1SwSSf3KRjlb1bTSCbybOilpeef2U6d.6v7KQAiCV.ZDarh6Dwha')": Duplicate entry '0' for key 'PRIMARY' (modulos/login/login.pwn:62)
[02/26/23 20:20:13] [WARNING] mysql_connect: no password specified (C:\Users\Bonnie20402\Desktop\Serversamp\gamemodes\roleplay.pwn:53)
[02/26/23 20:23:49] [WARNING] mysql_connect: no password specified (C:\Users\Bonnie20402\Desktop\Serversamp\gamemodes\roleplay.pwn:53)
[02/26/23 20:30:39] [WARNING] mysql_connect: no password specified (C:\Users\Bonnie20402\Desktop\Serversamp\gamemodes\roleplay.pwn:53)
[02/26/23 20:37:31] [WARNING] mysql_connect: no password specified (C:\Users\Bonnie20402\Desktop\Serversamp\gamemodes\roleplay.pwn:53)
[02/26/23 20:41:47] [WARNING] mysql_connect: no password specified (C:\Users\Bonnie20402\Desktop\Serversamp\gamemodes\roleplay.pwn:53)
[02/26/23 20:44:39] [WARNING] mysql_connect: no password specified (C:\Users\Bonnie20402\Desktop\Serversamp\gamemodes\roleplay.pwn:53)
[02/26/23 20:46:01] [WARNING] mysql_connect: no password specified (C:\Users\Bonnie20402\Desktop\Serversamp\gamemodes\roleplay.pwn:53)
[02/26/23 22:25:28] [WARNING] mysql_connect: no password specified (C:\Users\Bonnie20402\Desktop\Serversamp\gamemodes\roleplay.pwn:57)
[02/26/23 22:27:53] [WARNING] mysql_connect: no password specified (C:\Users\Bonnie20402\Desktop\Serversamp\gamemodes\roleplay.pwn:57)
[02/26/23 22:29:31] [WARNING] mysql_connect: no password specified (C:\Users\Bonnie20402\Desktop\Serversamp\gamemodes\roleplay.pwn:57)
[02/26/23 22:30:22] [WARNING] mysql_connect: no password specified (C:\Users\Bonnie20402\Desktop\Serversamp\gamemodes\roleplay.pwn:57)
[02/26/23 22:33:01] [WARNING] mysql_connect: no password specified (C:\Users\Bonnie20402\Desktop\Serversamp\gamemodes\roleplay.pwn:57)
[02/26/23 22:35:37] [WARNING] mysql_connect: no password specified (C:\Users\Bonnie20402\Desktop\Serversamp\gamemodes\roleplay.pwn:57)
[02/26/23 22:38:28] [WARNING] mysql_connect: no password specified (C:\Users\Bonnie20402\Desktop\Serversamp\gamemodes\roleplay.pwn:57)
[02/27/23 09:21:45] [WARNING] mysql_connect: no password specified (C:\Users\Bonnie\Desktop\serversamp\gamemodes\roleplay.pwn:64)
[02/27/23 09:24:11] [WARNING] mysql_connect: no password specified (C:\Users\Bonnie\Desktop\serversamp\gamemodes\roleplay.pwn:64)
[02/27/23 09:29:43] [WARNING] mysql_connect: no password specified (C:\Users\Bonnie\Desktop\serversamp\gamemodes\roleplay.pwn:64)
[02/27/23 09:38:35] [WARNING] mysql_connect: no password specified (C:\Users\Bonnie\Desktop\serversamp\gamemodes\roleplay.pwn:64)
[02/27/23 09:42:12] [WARNING] mysql_connect: no password specified (C:\Users\Bonnie\Desktop\serversamp\gamemodes\roleplay.pwn:64)
[02/27/23 09:43:24] [WARNING] mysql_connect: no password specified (C:\Users\Bonnie\Desktop\serversamp\gamemodes\roleplay.pwn:64)
[02/27/23 09:44:43] [WARNING] mysql_connect: no password specified (C:\Users\Bonnie\Desktop\serversamp\gamemodes\roleplay.pwn:64)
[02/27/23 10:05:46] [WARNING] mysql_connect: no password specified (C:\Users\Bonnie\Desktop\serversamp\gamemodes\roleplay.pwn:64)
[02/27/23 11:04:58] [WARNING] mysql_connect: no password specified (C:\Users\Bonnie\Desktop\serversamp\gamemodes\roleplay.pwn:64)
[02/27/23 11:54:59] [WARNING] mysql_connect: no password specified (C:\Users\Bonnie\Desktop\serversamp\gamemodes\roleplay.pwn:65)
[02/27/23 11:57:38] [WARNING] mysql_connect: no password specified (C:\Users\Bonnie\Desktop\serversamp\gamemodes\roleplay.pwn:65)
[02/27/23 11:59:11] [WARNING] mysql_connect: no password specified (C:\Users\Bonnie\Desktop\serversamp\gamemodes\roleplay.pwn:65)
[02/27/23 12:00:09] [WARNING] mysql_connect: no password specified (C:\Users\Bonnie\Desktop\serversamp\gamemodes\roleplay.pwn:65)
[02/27/23 12:00:35] [WARNING] mysql_connect: no password specified (C:\Users\Bonnie\Desktop\serversamp\gamemodes\roleplay.pwn:65)
[02/27/23 12:03:10] [WARNING] mysql_connect: no password specified (C:\Users\Bonnie\Desktop\serversamp\gamemodes\roleplay.pwn:65)
[02/27/23 12:04:48] [WARNING] mysql_connect: no password specified (C:\Users\Bonnie\Desktop\serversamp\gamemodes\roleplay.pwn:68)
[02/27/23 12:06:31] [WARNING] mysql_connect: no password specified (C:\Users\Bonnie\Desktop\serversamp\gamemodes\roleplay.pwn:68)
[02/27/23 12:09:57] [WARNING] mysql_connect: no password specified (C:\Users\Bonnie\Desktop\serversamp\gamemodes\roleplay.pwn:65)
[02/27/23 12:10:50] [WARNING] mysql_connect: no password specified (C:\Users\Bonnie\Desktop\serversamp\gamemodes\roleplay.pwn:65)
[02/27/23 12:11:26] [WARNING] mysql_connect: no password specified (C:\Users\Bonnie\Desktop\serversamp\gamemodes\roleplay.pwn:65)
[02/27/23 12:33:08] [WARNING] mysql_connect: no password specified (C:\Users\Bonnie\Desktop\serversamp\gamemodes\roleplay.pwn:65)
[02/27/23 12:38:51] [WARNING] mysql_connect: no password specified (C:\Users\Bonnie\Desktop\serversamp\gamemodes\roleplay.pwn:65)
[02/27/23 12:44:29] [WARNING] mysql_connect: no password specified (C:\Users\Bonnie\Desktop\serversamp\gamemodes\roleplay.pwn:65)
[02/27/23 12:44:43] [WARNING] mysql_connect: no password specified (C:\Users\Bonnie\Desktop\serversamp\gamemodes\roleplay.pwn:65)
[02/27/23 12:47:07] [WARNING] mysql_connect: no password specified (C:\Users\Bonnie\Desktop\serversamp\gamemodes\roleplay.pwn:65)
[02/27/23 13:07:05] [WARNING] mysql_connect: no password specified (C:\Users\Bonnie\Desktop\serversamp\gamemodes\roleplay.pwn:65)
[02/27/23 13:45:40] [WARNING] mysql_connect: no password specified (C:\Users\Bonnie\Desktop\serversamp\gamemodes\roleplay.pwn:65)
[02/27/23 13:45:45] [ERROR] CConnection::CConnection - establishing connection to MySQL database failed: #2003 'Can't connect to MySQL server on 'localhost' (10061)'
[02/27/23 13:45:49] [ERROR] CConnection::CConnection - establishing connection to MySQL database failed: #2003 'Can't connect to MySQL server on 'localhost' (10061)'
[02/27/23 13:46:00] [WARNING] mysql_connect: no password specified (C:\Users\Bonnie\Desktop\serversamp\gamemodes\roleplay.pwn:65)
[02/27/23 14:03:51] [WARNING] mysql_connect: no password specified (C:\Users\Bonnie\Desktop\serversamp\gamemodes\roleplay.pwn:65)
[02/27/23 14:04:59] [WARNING] mysql_connect: no password specified (C:\Users\Bonnie\Desktop\serversamp\gamemodes\roleplay.pwn:65)
[02/27/23 14:05:55] [WARNING] mysql_connect: no password specified (C:\Users\Bonnie\Desktop\serversamp\gamemodes\roleplay.pwn:65)
[02/27/23 14:07:12] [WARNING] mysql_connect: no password specified (C:\Users\Bonnie\Desktop\serversamp\gamemodes\roleplay.pwn:65)
[02/27/23 14:08:36] [WARNING] mysql_connect: no password specified (C:\Users\Bonnie\Desktop\serversamp\gamemodes\roleplay.pwn:65)
[02/27/23 14:10:33] [WARNING] mysql_connect: no password specified (C:\Users\Bonnie\Desktop\serversamp\gamemodes\roleplay.pwn:65)
[02/27/23 14:11:56] [WARNING] mysql_connect: no password specified (C:\Users\Bonnie\Desktop\serversamp\gamemodes\roleplay.pwn:65)
[02/27/23 17:17:37] [WARNING] mysql_connect: no password specified (C:\Users\Bonnie\Desktop\serversamp\gamemodes\roleplay.pwn:66)
[02/27/23 17:17:43] [ERROR] cache_get_value_index_int: invalid row ('0') or field ('0') index (modulos/admins/admins.pwn:42)
[02/27/23 17:18:54] [ERROR] `3 (modulos/admins/admins.pwn:67)
[02/27/23 17:19:31] [ERROR] cache_get_value_index_int: invalid row ('0') or field ('0') index (modulos/admins/admins.pwn:42)
[02/27/23 17:21:06] [WARNING] mysql_connect: no password specified (C:\Users\Bonnie\Desktop\serversamp\gamemodes\roleplay.pwn:66)
[02/27/23 17:21:23] [ERROR] cache_get_value_index_int: invalid row ('0') or field ('1') index (modulos/admins/admins.pwn:42)
[02/27/23 17:22:14] [WARNING] mysql_connect: no password specified (C:\Users\Bonnie\Desktop\serversamp\gamemodes\roleplay.pwn:66)
[02/27/23 17:22:33] [ERROR] cache_get_value_index_int: invalid row ('0') or field ('1') index (modulos/admins/admins.pwn:42)
[02/27/23 17:23:04] [WARNING] mysql_connect: no password specified (C:\Users\Bonnie\Desktop\serversamp\gamemodes\roleplay.pwn:66)
[02/27/23 17:23:11] [ERROR] cache_get_value_index_int: invalid row ('1') or field ('0') index (modulos/admins/admins.pwn:42)
[02/27/23 17:24:20] [WARNING] mysql_connect: no password specified (C:\Users\Bonnie\Desktop\serversamp\gamemodes\roleplay.pwn:66)
[02/27/23 17:24:32] [ERROR] cache_get_value_index: invalid row ('0') or field ('0') index (modulos/admins/admins.pwn:42)
[02/27/23 17:26:11] [WARNING] mysql_connect: no password specified (C:\Users\Bonnie\Desktop\serversamp\gamemodes\roleplay.pwn:66)
[02/27/23 17:26:17] [ERROR] cache_get_value_index_int: invalid row ('0') or field ('1') index (modulos/admins/admins.pwn:42)
[02/27/23 17:27:30] [WARNING] mysql_connect: no password specified (C:\Users\Bonnie\Desktop\serversamp\gamemodes\roleplay.pwn:66)
[02/27/23 17:27:49] [ERROR] cache_get_value_index_int: invalid row ('0') or field ('2') index (modulos/admins/admins.pwn:42)
[02/27/23 17:31:02] [WARNING] mysql_connect: no password specified (C:\Users\Bonnie\Desktop\serversamp\gamemodes\roleplay.pwn:66)
[02/27/23 17:31:08] [ERROR] cache_get_value_index: invalid row ('0') or field ('0') index (modulos/admins/admins.pwn:42)
[02/27/23 17:31:43] [WARNING] mysql_connect: no password specified (C:\Users\Bonnie\Desktop\serversamp\gamemodes\roleplay.pwn:66)
[02/27/23 17:31:59] [ERROR] cache_get_value_index: invalid row ('0') or field ('0') index (modulos/admins/admins.pwn:42)
[02/27/23 17:34:48] [WARNING] mysql_connect: no password specified (C:\Users\Bonnie\Desktop\serversamp\gamemodes\roleplay.pwn:66)
[02/27/23 17:34:57] [ERROR] cache_get_value_index: invalid row ('0') or field ('0') index (modulos/admins/admins.pwn:41)
[02/27/23 17:35:01] [ERROR]  (modulos/admins/admins.pwn:67)
[02/27/23 17:36:51] [WARNING] mysql_connect: no password specified (C:\Users\Bonnie\Desktop\serversamp\gamemodes\roleplay.pwn:66)
[02/27/23 17:37:10] [ERROR] cache_get_value_index: invalid row ('0') or field ('0') index (modulos/admins/admins.pwn:41)
[02/27/23 17:44:16] [WARNING] mysql_connect: no password specified (C:\Users\Bonnie\Desktop\serversamp\gamemodes\roleplay.pwn:66)
[02/27/23 17:44:22] [ERROR] cache_get_value_index_int: invalid row ('0') or field ('1') index (modulos/admins/admins.pwn:41)
[02/27/23 17:47:05] [WARNING] mysql_connect: no password specified (C:\Users\Bonnie\Desktop\serversamp\gamemodes\roleplay.pwn:66)
[02/27/23 17:47:13] [ERROR] cache_get_value_index_int: value '' is not a number (modulos/admins/admins.pwn:45)
[02/27/23 17:47:13] [ERROR] cache_get_value_index: invalid row ('0') or field ('3') index (modulos/admins/admins.pwn:46)
[02/27/23 17:47:52] [WARNING] mysql_connect: no password specified (C:\Users\Bonnie\Desktop\serversamp\gamemodes\roleplay.pwn:66)
[02/27/23 17:50:16] [WARNING] mysql_connect: no password specified (C:\Users\Bonnie\Desktop\serversamp\gamemodes\roleplay.pwn:66)
[02/27/23 17:50:37] [ERROR] mysql_pquery: callback error: parameter count does not match format specifier length (modulos/admins/admins.pwn:66)
[02/27/23 17:53:33] [WARNING] mysql_connect: no password specified (C:\Users\Bonnie\Desktop\serversamp\gamemodes\roleplay.pwn:66)
[02/27/23 17:54:08] [WARNING] mysql_connect: no password specified (C:\Users\Bonnie\Desktop\serversamp\gamemodes\roleplay.pwn:66)
[02/27/23 17:54:47] [WARNING] mysql_connect: no password specified (C:\Users\Bonnie\Desktop\serversamp\gamemodes\roleplay.pwn:66)
[02/27/23 17:56:30] [WARNING] mysql_connect: no password specified (C:\Users\Bonnie\Desktop\serversamp\gamemodes\roleplay.pwn:66)
[02/27/23 17:58:46] [WARNING] mysql_connect: no password specified (C:\Users\Bonnie\Desktop\serversamp\gamemodes\roleplay.pwn:66)
[02/27/23 18:01:02] [WARNING] mysql_connect: no password specified (C:\Users\Bonnie\Desktop\serversamp\gamemodes\roleplay.pwn:66)
[02/27/23 18:02:08] [WARNING] mysql_connect: no password specified (C:\Users\Bonnie\Desktop\serversamp\gamemodes\roleplay.pwn:66)
[02/27/23 18:04:06] [WARNING] mysql_connect: no password specified (C:\Users\Bonnie\Desktop\serversamp\gamemodes\roleplay.pwn:66)
[02/27/23 18:05:25] [WARNING] mysql_connect: no password specified (C:\Users\Bonnie\Desktop\serversamp\gamemodes\roleplay.pwn:66)
[02/27/23 18:09:09] [WARNING] mysql_connect: no password specified (C:\Users\Bonnie\Desktop\serversamp\gamemodes\roleplay.pwn:66)
[02/27/23 18:11:13] [WARNING] mysql_connect: no password specified (C:\Users\Bonnie\Desktop\serversamp\gamemodes\roleplay.pwn:66)
[02/27/23 18:13:34] [WARNING] mysql_connect: no password specified (C:\Users\Bonnie\Desktop\serversamp\gamemodes\roleplay.pwn:66)
[02/27/23 18:18:43] [WARNING] mysql_connect: no password specified (C:\Users\Bonnie\Desktop\serversamp\gamemodes\roleplay.pwn:66)
[02/27/23 18:20:23] [WARNING] mysql_connect: no password specified (C:\Users\Bonnie\Desktop\serversamp\gamemodes\roleplay.pwn:66)
[02/27/23 18:21:35] [WARNING] mysql_connect: no password specified (C:\Users\Bonnie\Desktop\serversamp\gamemodes\roleplay.pwn:66)
[02/27/23 18:23:08] [WARNING] mysql_connect: no password specified (C:\Users\Bonnie\Desktop\serversamp\gamemodes\roleplay.pwn:66)
[02/27/23 18:24:18] [WARNING] mysql_connect: no password specified (C:\Users\Bonnie\Desktop\serversamp\gamemodes\roleplay.pwn:66)
[02/27/23 18:26:19] [WARNING] mysql_connect: no password specified (C:\Users\Bonnie\Desktop\serversamp\gamemodes\roleplay.pwn:66)
[02/27/23 22:22:29] [WARNING] mysql_connect: no password specified (C:\Users\Bonnie\Desktop\serversamp\gamemodes\roleplay.pwn:66)
[02/27/23 22:22:57] [ERROR] cache_get_value_index_int: invalid row ('0') or field ('1') index (modulos/admins/admins.pwn:41)
[02/27/23 22:23:33] [ERROR] error #1064 while executing query "DELETE FROM admins WHERE username = ": You have an error in your SQL syntax; check the manual that corresponds to your MariaDB server version for the right syntax to use near '' at line 1 (modulos/admins/admins.pwn:89)
[02/27/23 22:24:15] [WARNING] mysql_connect: no password specified (C:\Users\Bonnie\Desktop\serversamp\gamemodes\roleplay.pwn:66)
[02/27/23 22:24:35] [ERROR] error #1054 while executing query "DELETE FROM admins WHERE username = AAA": Unknown column 'AAA' in 'where clause' (modulos/admins/admins.pwn:89)
[02/27/23 22:24:45] [ERROR] error #1054 while executing query "DELETE FROM admins WHERE username = Bonnie20402": Unknown column 'Bonnie20402' in 'where clause' (modulos/admins/admins.pwn:89)
[02/27/23 22:27:01] [WARNING] mysql_connect: no password specified (C:\Users\Bonnie\Desktop\serversamp\gamemodes\roleplay.pwn:66)
[02/27/23 22:30:17] [WARNING] mysql_connect: no password specified (C:\Users\Bonnie\Desktop\serversamp\gamemodes\roleplay.pwn:66)
[02/27/23 22:30:41] [ERROR] cache_get_value_index_int: invalid row ('0') or field ('1') index (modulos/admins/admins.pwn:41)
[02/27/23 22:32:26] [ERROR] cache_get_value_index_int: invalid row ('0') or field ('1') index (modulos/admins/admins.pwn:41)
[02/27/23 22:35:12] [WARNING] mysql_connect: no password specified (C:\Users\Bonnie\Desktop\serversamp\gamemodes\roleplay.pwn:66)
[02/27/23 22:36:31] [WARNING] mysql_connect: no password specified (C:\Users\Bonnie\Desktop\serversamp\gamemodes\roleplay.pwn:66)
